A51 MACRO ASSEMBLER  LOWERNIBBLE                                                          11/24/2022 16:03:51 PAGE     1


MACRO ASSEMBLER A51 V8.02b
OBJECT MODULE PLACED IN lowernibble.OBJ
ASSEMBLER INVOKED BY: C:\Keil\C51\BIN\A51.EXE lowernibble.asm SET(SMALL) DEBUG EP

LOC  OBJ            LINE     SOURCE

                       1     
0000                   2     ORG 0000H
0000 906000            3     MOV DPTR, #6000H
0003 E0                4     MOVX A, @DPTR
0004 7845              5     MOV R0,#45H
0006 F6                6     MOV @R0,A
0007 0582              7     INC DPL
0009 E0                8     MOVX A,@DPTR
000A D6                9     XCHD A,@R0
000B F0               10     MOVX @DPTR,A
000C 1582             11     DEC DPL
000E E6               12     MOV A,@R0
000F F0               13     MOVX @DPTR,A
                      14     END
A51 MACRO ASSEMBLER  LOWERNIBBLE                                                          11/24/2022 16:03:51 PAGE     2

SYMBOL TABLE LISTING
------ ----- -------


N A M E             T Y P E  V A L U E   ATTRIBUTES

DPL. . . . . . . .  D ADDR   0082H   A   


REGISTER BANK(S) USED: 0 


ASSEMBLY COMPLETE.  0 WARNING(S), 0 ERROR(S)
