A51 MACRO ASSEMBLER  ADD16BIT                                                             11/24/2022 10:51:58 PAGE     1


MACRO ASSEMBLER A51 V8.02b
OBJECT MODULE PLACED IN add16bit.OBJ
ASSEMBLER INVOKED BY: C:\Keil\C51\BIN\A51.EXE add16bit.asm SET(SMALL) DEBUG EP

LOC  OBJ            LINE     SOURCE

0000                   1     ORG 0000H
0000 C3                2     CLR C
0001 7405              3     MOV A,#05H
0003 248D              4     ADD A,#8DH
0005 F540              5     MOV 40H,A
0007 743B              6     MOV A,#3BH
0009 343B              7     ADDC A,#3BH
000B F542              8     MOV 42H,A
                       9     END
A51 MACRO ASSEMBLER  ADD16BIT                                                             11/24/2022 10:51:58 PAGE     2

SYMBOL TABLE LISTING
------ ----- -------


N A M E             T Y P E  V A L U E   ATTRIBUTES



REGISTER BANK(S) USED: 0 


ASSEMBLY COMPLETE.  0 WARNING(S), 0 ERROR(S)
